<?xml version="1.0" encoding="UTF-8"?>
<testsuite xmlns:xsi="http://www.w3.org/2001/XMLSchema-instance" xsi:noNamespaceSchemaLocation="https://maven.apache.org/surefire/maven-surefire-plugin/xsd/surefire-test-report-3.0.xsd" version="3.0" name="com.springai01chat.SpringAi01ChatApplicationTests" time="2.147" tests="1" errors="0" skipped="0" failures="0">
  <properties>
    <property name="java.specification.version" value="21"/>
    <property name="sun.cpu.isalist" value="amd64"/>
    <property name="sun.jnu.encoding" value="GBK"/>
    <property name="java.class.path" value="D:\javaweb\springboot-guet\springAI\code\springAI-01-chat\target\test-classes;D:\javaweb\springboot-guet\springAI\code\springAI-01-chat\target\classes;D:\javaweb\apache-maven-3.9.6\mvn_repo\org\springframework\boot\spring-boot-starter-web\3.2.4\spring-boot-starter-web-3.2.4.jar;D:\javaweb\apache-maven-3.9.6\mvn_repo\org\springframework\boot\spring-boot-starter\3.2.4\spring-boot-starter-3.2.4.jar;D:\javaweb\apache-maven-3.9.6\mvn_repo\org\springframework\boot\spring-boot-starter-logging\3.2.4\spring-boot-starter-logging-3.2.4.jar;D:\javaweb\apache-maven-3.9.6\mvn_repo\ch\qos\logback\logback-classic\1.4.14\logback-classic-1.4.14.jar;D:\javaweb\apache-maven-3.9.6\mvn_repo\ch\qos\logback\logback-core\1.4.14\logback-core-1.4.14.jar;D:\javaweb\apache-maven-3.9.6\mvn_repo\org\apache\logging\log4j\log4j-to-slf4j\2.21.1\log4j-to-slf4j-2.21.1.jar;D:\javaweb\apache-maven-3.9.6\mvn_repo\org\apache\logging\log4j\log4j-api\2.21.1\log4j-api-2.21.1.jar;D:\javaweb\apache-maven-3.9.6\mvn_repo\org\slf4j\jul-to-slf4j\2.0.12\jul-to-slf4j-2.0.12.jar;D:\javaweb\apache-maven-3.9.6\mvn_repo\jakarta\annotation\jakarta.annotation-api\2.1.1\jakarta.annotation-api-2.1.1.jar;D:\javaweb\apache-maven-3.9.6\mvn_repo\org\yaml\snakeyaml\2.2\snakeyaml-2.2.jar;D:\javaweb\apache-maven-3.9.6\mvn_repo\org\springframework\boot\spring-boot-starter-json\3.2.4\spring-boot-starter-json-3.2.4.jar;D:\javaweb\apache-maven-3.9.6\mvn_repo\com\fasterxml\jackson\core\jackson-databind\2.15.4\jackson-databind-2.15.4.jar;D:\javaweb\apache-maven-3.9.6\mvn_repo\com\fasterxml\jackson\core\jackson-annotations\2.15.4\jackson-annotations-2.15.4.jar;D:\javaweb\apache-maven-3.9.6\mvn_repo\com\fasterxml\jackson\core\jackson-core\2.15.4\jackson-core-2.15.4.jar;D:\javaweb\apache-maven-3.9.6\mvn_repo\com\fasterxml\jackson\datatype\jackson-datatype-jdk8\2.15.4\jackson-datatype-jdk8-2.15.4.jar;D:\javaweb\apache-maven-3.9.6\mvn_repo\com\fasterxml\jackson\datatype\jackson-datatype-jsr310\2.15.4\jackson-datatype-jsr310-2.15.4.jar;D:\javaweb\apache-maven-3.9.6\mvn_repo\com\fasterxml\jackson\module\jackson-module-parameter-names\2.15.4\jackson-module-parameter-names-2.15.4.jar;D:\javaweb\apache-maven-3.9.6\mvn_repo\org\springframework\boot\spring-boot-starter-tomcat\3.2.4\spring-boot-starter-tomcat-3.2.4.jar;D:\javaweb\apache-maven-3.9.6\mvn_repo\org\apache\tomcat\embed\tomcat-embed-core\10.1.19\tomcat-embed-core-10.1.19.jar;D:\javaweb\apache-maven-3.9.6\mvn_repo\org\apache\tomcat\embed\tomcat-embed-el\10.1.19\tomcat-embed-el-10.1.19.jar;D:\javaweb\apache-maven-3.9.6\mvn_repo\org\apache\tomcat\embed\tomcat-embed-websocket\10.1.19\tomcat-embed-websocket-10.1.19.jar;D:\javaweb\apache-maven-3.9.6\mvn_repo\org\springframework\spring-web\6.1.5\spring-web-6.1.5.jar;D:\javaweb\apache-maven-3.9.6\mvn_repo\org\springframework\spring-beans\6.1.5\spring-beans-6.1.5.jar;D:\javaweb\apache-maven-3.9.6\mvn_repo\io\micrometer\micrometer-observation\1.12.4\micrometer-observation-1.12.4.jar;D:\javaweb\apache-maven-3.9.6\mvn_repo\io\micrometer\micrometer-commons\1.12.4\micrometer-commons-1.12.4.jar;D:\javaweb\apache-maven-3.9.6\mvn_repo\org\springframework\spring-webmvc\6.1.5\spring-webmvc-6.1.5.jar;D:\javaweb\apache-maven-3.9.6\mvn_repo\org\springframework\spring-aop\6.1.5\spring-aop-6.1.5.jar;D:\javaweb\apache-maven-3.9.6\mvn_repo\org\springframework\spring-context\6.1.5\spring-context-6.1.5.jar;D:\javaweb\apache-maven-3.9.6\mvn_repo\org\springframework\spring-expression\6.1.5\spring-expression-6.1.5.jar;D:\javaweb\apache-maven-3.9.6\mvn_repo\org\springframework\ai\spring-ai-openai-spring-boot-starter\0.8.1\spring-ai-openai-spring-boot-starter-0.8.1.jar;D:\javaweb\apache-maven-3.9.6\mvn_repo\org\springframework\ai\spring-ai-spring-boot-autoconfigure\0.8.1\spring-ai-spring-boot-autoconfigure-0.8.1.jar;D:\javaweb\apache-maven-3.9.6\mvn_repo\com\google\protobuf\protobuf-java\3.25.2\protobuf-java-3.25.2.jar;D:\javaweb\apache-maven-3.9.6\mvn_repo\io\netty\netty-codec-http2\4.1.107.Final\netty-codec-http2-4.1.107.Final.jar;D:\javaweb\apache-maven-3.9.6\mvn_repo\io\netty\netty-common\4.1.107.Final\netty-common-4.1.107.Final.jar;D:\javaweb\apache-maven-3.9.6\mvn_repo\io\netty\netty-buffer\4.1.107.Final\netty-buffer-4.1.107.Final.jar;D:\javaweb\apache-maven-3.9.6\mvn_repo\io\netty\netty-transport\4.1.107.Final\netty-transport-4.1.107.Final.jar;D:\javaweb\apache-maven-3.9.6\mvn_repo\io\netty\netty-resolver\4.1.107.Final\netty-resolver-4.1.107.Final.jar;D:\javaweb\apache-maven-3.9.6\mvn_repo\io\netty\netty-codec\4.1.107.Final\netty-codec-4.1.107.Final.jar;D:\javaweb\apache-maven-3.9.6\mvn_repo\io\netty\netty-handler\4.1.107.Final\netty-handler-4.1.107.Final.jar;D:\javaweb\apache-maven-3.9.6\mvn_repo\io\netty\netty-transport-native-unix-common\4.1.107.Final\netty-transport-native-unix-common-4.1.107.Final.jar;D:\javaweb\apache-maven-3.9.6\mvn_repo\io\netty\netty-codec-http\4.1.107.Final\netty-codec-http-4.1.107.Final.jar;D:\javaweb\apache-maven-3.9.6\mvn_repo\redis\clients\jedis\5.0.2\jedis-5.0.2.jar;D:\javaweb\apache-maven-3.9.6\mvn_repo\org\apache\commons\commons-pool2\2.12.0\commons-pool2-2.12.0.jar;D:\javaweb\apache-maven-3.9.6\mvn_repo\org\json\json\20231013\json-20231013.jar;D:\javaweb\apache-maven-3.9.6\mvn_repo\com\google\code\gson\gson\2.10.1\gson-2.10.1.jar;D:\javaweb\apache-maven-3.9.6\mvn_repo\org\springframework\ai\spring-ai-openai\0.8.1\spring-ai-openai-0.8.1.jar;D:\javaweb\apache-maven-3.9.6\mvn_repo\org\springframework\ai\spring-ai-core\0.8.1\spring-ai-core-0.8.1.jar;D:\javaweb\apache-maven-3.9.6\mvn_repo\io\swagger\core\v3\swagger-annotations\2.2.20\swagger-annotations-2.2.20.jar;D:\javaweb\apache-maven-3.9.6\mvn_repo\com\github\victools\jsonschema-module-swagger-2\4.33.1\jsonschema-module-swagger-2-4.33.1.jar;D:\javaweb\apache-maven-3.9.6\mvn_repo\org\springframework\cloud\spring-cloud-function-context\4.1.0\spring-cloud-function-context-4.1.0.jar;D:\javaweb\apache-maven-3.9.6\mvn_repo\net\jodah\typetools\0.6.2\typetools-0.6.2.jar;D:\javaweb\apache-maven-3.9.6\mvn_repo\org\springframework\cloud\spring-cloud-function-core\4.1.0\spring-cloud-function-core-4.1.0.jar;D:\javaweb\apache-maven-3.9.6\mvn_repo\org\antlr\stringtemplate\4.0.2\stringtemplate-4.0.2.jar;D:\javaweb\apache-maven-3.9.6\mvn_repo\org\antlr\antlr-runtime\3.3\antlr-runtime-3.3.jar;D:\javaweb\apache-maven-3.9.6\mvn_repo\org\antlr\antlr4-runtime\4.13.1\antlr4-runtime-4.13.1.jar;D:\javaweb\apache-maven-3.9.6\mvn_repo\io\projectreactor\reactor-core\3.6.4\reactor-core-3.6.4.jar;D:\javaweb\apache-maven-3.9.6\mvn_repo\org\reactivestreams\reactive-streams\1.0.4\reactive-streams-1.0.4.jar;D:\javaweb\apache-maven-3.9.6\mvn_repo\org\springframework\spring-messaging\6.1.5\spring-messaging-6.1.5.jar;D:\javaweb\apache-maven-3.9.6\mvn_repo\com\knuddels\jtokkit\1.0.0\jtokkit-1.0.0.jar;D:\javaweb\apache-maven-3.9.6\mvn_repo\org\springframework\ai\spring-ai-retry\0.8.1\spring-ai-retry-0.8.1.jar;D:\javaweb\apache-maven-3.9.6\mvn_repo\org\springframework\retry\spring-retry\2.0.5\spring-retry-2.0.5.jar;D:\javaweb\apache-maven-3.9.6\mvn_repo\org\springframework\spring-webflux\6.1.5\spring-webflux-6.1.5.jar;D:\javaweb\apache-maven-3.9.6\mvn_repo\io\rest-assured\json-path\5.3.2\json-path-5.3.2.jar;D:\javaweb\apache-maven-3.9.6\mvn_repo\org\apache\groovy\groovy-json\4.0.20\groovy-json-4.0.20.jar;D:\javaweb\apache-maven-3.9.6\mvn_repo\org\apache\groovy\groovy\4.0.20\groovy-4.0.20.jar;D:\javaweb\apache-maven-3.9.6\mvn_repo\io\rest-assured\rest-assured-common\5.3.2\rest-assured-common-5.3.2.jar;D:\javaweb\apache-maven-3.9.6\mvn_repo\org\apache\commons\commons-lang3\3.13.0\commons-lang3-3.13.0.jar;D:\javaweb\apache-maven-3.9.6\mvn_repo\com\github\victools\jsonschema-generator\4.31.1\jsonschema-generator-4.31.1.jar;D:\javaweb\apache-maven-3.9.6\mvn_repo\com\fasterxml\classmate\1.6.0\classmate-1.6.0.jar;D:\javaweb\apache-maven-3.9.6\mvn_repo\com\github\victools\jsonschema-module-jackson\4.31.1\jsonschema-module-jackson-4.31.1.jar;D:\javaweb\apache-maven-3.9.6\mvn_repo\org\springframework\spring-context-support\6.1.5\spring-context-support-6.1.5.jar;D:\javaweb\apache-maven-3.9.6\mvn_repo\org\springframework\boot\spring-boot-devtools\3.2.4\spring-boot-devtools-3.2.4.jar;D:\javaweb\apache-maven-3.9.6\mvn_repo\org\springframework\boot\spring-boot\3.2.4\spring-boot-3.2.4.jar;D:\javaweb\apache-maven-3.9.6\mvn_repo\org\springframework\boot\spring-boot-autoconfigure\3.2.4\spring-boot-autoconfigure-3.2.4.jar;D:\javaweb\apache-maven-3.9.6\mvn_repo\org\projectlombok\lombok\1.18.30\lombok-1.18.30.jar;D:\javaweb\apache-maven-3.9.6\mvn_repo\org\springframework\boot\spring-boot-starter-test\3.2.4\spring-boot-starter-test-3.2.4.jar;D:\javaweb\apache-maven-3.9.6\mvn_repo\org\springframework\boot\spring-boot-test\3.2.4\spring-boot-test-3.2.4.jar;D:\javaweb\apache-maven-3.9.6\mvn_repo\org\springframework\boot\spring-boot-test-autoconfigure\3.2.4\spring-boot-test-autoconfigure-3.2.4.jar;D:\javaweb\apache-maven-3.9.6\mvn_repo\com\jayway\jsonpath\json-path\2.9.0\json-path-2.9.0.jar;D:\javaweb\apache-maven-3.9.6\mvn_repo\org\slf4j\slf4j-api\2.0.12\slf4j-api-2.0.12.jar;D:\javaweb\apache-maven-3.9.6\mvn_repo\jakarta\xml\bind\jakarta.xml.bind-api\4.0.2\jakarta.xml.bind-api-4.0.2.jar;D:\javaweb\apache-maven-3.9.6\mvn_repo\jakarta\activation\jakarta.activation-api\2.1.3\jakarta.activation-api-2.1.3.jar;D:\javaweb\apache-maven-3.9.6\mvn_repo\net\minidev\json-smart\2.5.0\json-smart-2.5.0.jar;D:\javaweb\apache-maven-3.9.6\mvn_repo\net\minidev\accessors-smart\2.5.0\accessors-smart-2.5.0.jar;D:\javaweb\apache-maven-3.9.6\mvn_repo\org\ow2\asm\asm\9.3\asm-9.3.jar;D:\javaweb\apache-maven-3.9.6\mvn_repo\org\assertj\assertj-core\3.24.2\assertj-core-3.24.2.jar;D:\javaweb\apache-maven-3.9.6\mvn_repo\net\bytebuddy\byte-buddy\1.14.12\byte-buddy-1.14.12.jar;D:\javaweb\apache-maven-3.9.6\mvn_repo\org\awaitility\awaitility\4.2.0\awaitility-4.2.0.jar;D:\javaweb\apache-maven-3.9.6\mvn_repo\org\hamcrest\hamcrest\2.2\hamcrest-2.2.jar;D:\javaweb\apache-maven-3.9.6\mvn_repo\org\junit\jupiter\junit-jupiter\5.10.2\junit-jupiter-5.10.2.jar;D:\javaweb\apache-maven-3.9.6\mvn_repo\org\junit\jupiter\junit-jupiter-api\5.10.2\junit-jupiter-api-5.10.2.jar;D:\javaweb\apache-maven-3.9.6\mvn_repo\org\opentest4j\opentest4j\1.3.0\opentest4j-1.3.0.jar;D:\javaweb\apache-maven-3.9.6\mvn_repo\org\junit\platform\junit-platform-commons\1.10.2\junit-platform-commons-1.10.2.jar;D:\javaweb\apache-maven-3.9.6\mvn_repo\org\apiguardian\apiguardian-api\1.1.2\apiguardian-api-1.1.2.jar;D:\javaweb\apache-maven-3.9.6\mvn_repo\org\junit\jupiter\junit-jupiter-params\5.10.2\junit-jupiter-params-5.10.2.jar;D:\javaweb\apache-maven-3.9.6\mvn_repo\org\junit\jupiter\junit-jupiter-engine\5.10.2\junit-jupiter-engine-5.10.2.jar;D:\javaweb\apache-maven-3.9.6\mvn_repo\org\junit\platform\junit-platform-engine\1.10.2\junit-platform-engine-1.10.2.jar;D:\javaweb\apache-maven-3.9.6\mvn_repo\org\mockito\mockito-core\5.7.0\mockito-core-5.7.0.jar;D:\javaweb\apache-maven-3.9.6\mvn_repo\net\bytebuddy\byte-buddy-agent\1.14.12\byte-buddy-agent-1.14.12.jar;D:\javaweb\apache-maven-3.9.6\mvn_repo\org\objenesis\objenesis\3.3\objenesis-3.3.jar;D:\javaweb\apache-maven-3.9.6\mvn_repo\org\mockito\mockito-junit-jupiter\5.7.0\mockito-junit-jupiter-5.7.0.jar;D:\javaweb\apache-maven-3.9.6\mvn_repo\org\skyscreamer\jsonassert\1.5.1\jsonassert-1.5.1.jar;D:\javaweb\apache-maven-3.9.6\mvn_repo\com\vaadin\external\google\android-json\0.0.20131108.vaadin1\android-json-0.0.20131108.vaadin1.jar;D:\javaweb\apache-maven-3.9.6\mvn_repo\org\springframework\spring-core\6.1.5\spring-core-6.1.5.jar;D:\javaweb\apache-maven-3.9.6\mvn_repo\org\springframework\spring-jcl\6.1.5\spring-jcl-6.1.5.jar;D:\javaweb\apache-maven-3.9.6\mvn_repo\org\springframework\spring-test\6.1.5\spring-test-6.1.5.jar;D:\javaweb\apache-maven-3.9.6\mvn_repo\org\xmlunit\xmlunit-core\2.9.1\xmlunit-core-2.9.1.jar;"/>
    <property name="java.vm.vendor" value="Oracle Corporation"/>
    <property name="sun.arch.data.model" value="64"/>
    <property name="user.variant" value=""/>
    <property name="java.vendor.url" value="https://java.oracle.com/"/>
    <property name="user.timezone" value="Asia/Shanghai"/>
    <property name="os.name" value="Windows 11"/>
    <property name="java.vm.specification.version" value="21"/>
    <property name="sun.java.launcher" value="SUN_STANDARD"/>
    <property name="user.country" value="CN"/>
    <property name="sun.boot.library.path" value="C:\Users\刘德宝\.jdks\openjdk-21.0.2\bin"/>
    <property name="sun.java.command" value="C:\Users\刘德宝\AppData\Local\Temp\surefire11771713892821534012\surefirebooter-20240512161840249_3.jar C:\Users\刘德宝\AppData\Local\Temp\surefire11771713892821534012 2024-05-12T16-18-40_133-jvmRun1 surefire-20240512161840249_1tmp surefire_0-20240512161840249_2tmp"/>
    <property name="jdk.debug" value="release"/>
    <property name="surefire.test.class.path" value="D:\javaweb\springboot-guet\springAI\code\springAI-01-chat\target\test-classes;D:\javaweb\springboot-guet\springAI\code\springAI-01-chat\target\classes;D:\javaweb\apache-maven-3.9.6\mvn_repo\org\springframework\boot\spring-boot-starter-web\3.2.4\spring-boot-starter-web-3.2.4.jar;D:\javaweb\apache-maven-3.9.6\mvn_repo\org\springframework\boot\spring-boot-starter\3.2.4\spring-boot-starter-3.2.4.jar;D:\javaweb\apache-maven-3.9.6\mvn_repo\org\springframework\boot\spring-boot-starter-logging\3.2.4\spring-boot-starter-logging-3.2.4.jar;D:\javaweb\apache-maven-3.9.6\mvn_repo\ch\qos\logback\logback-classic\1.4.14\logback-classic-1.4.14.jar;D:\javaweb\apache-maven-3.9.6\mvn_repo\ch\qos\logback\logback-core\1.4.14\logback-core-1.4.14.jar;D:\javaweb\apache-maven-3.9.6\mvn_repo\org\apache\logging\log4j\log4j-to-slf4j\2.21.1\log4j-to-slf4j-2.21.1.jar;D:\javaweb\apache-maven-3.9.6\mvn_repo\org\apache\logging\log4j\log4j-api\2.21.1\log4j-api-2.21.1.jar;D:\javaweb\apache-maven-3.9.6\mvn_repo\org\slf4j\jul-to-slf4j\2.0.12\jul-to-slf4j-2.0.12.jar;D:\javaweb\apache-maven-3.9.6\mvn_repo\jakarta\annotation\jakarta.annotation-api\2.1.1\jakarta.annotation-api-2.1.1.jar;D:\javaweb\apache-maven-3.9.6\mvn_repo\org\yaml\snakeyaml\2.2\snakeyaml-2.2.jar;D:\javaweb\apache-maven-3.9.6\mvn_repo\org\springframework\boot\spring-boot-starter-json\3.2.4\spring-boot-starter-json-3.2.4.jar;D:\javaweb\apache-maven-3.9.6\mvn_repo\com\fasterxml\jackson\core\jackson-databind\2.15.4\jackson-databind-2.15.4.jar;D:\javaweb\apache-maven-3.9.6\mvn_repo\com\fasterxml\jackson\core\jackson-annotations\2.15.4\jackson-annotations-2.15.4.jar;D:\javaweb\apache-maven-3.9.6\mvn_repo\com\fasterxml\jackson\core\jackson-core\2.15.4\jackson-core-2.15.4.jar;D:\javaweb\apache-maven-3.9.6\mvn_repo\com\fasterxml\jackson\datatype\jackson-datatype-jdk8\2.15.4\jackson-datatype-jdk8-2.15.4.jar;D:\javaweb\apache-maven-3.9.6\mvn_repo\com\fasterxml\jackson\datatype\jackson-datatype-jsr310\2.15.4\jackson-datatype-jsr310-2.15.4.jar;D:\javaweb\apache-maven-3.9.6\mvn_repo\com\fasterxml\jackson\module\jackson-module-parameter-names\2.15.4\jackson-module-parameter-names-2.15.4.jar;D:\javaweb\apache-maven-3.9.6\mvn_repo\org\springframework\boot\spring-boot-starter-tomcat\3.2.4\spring-boot-starter-tomcat-3.2.4.jar;D:\javaweb\apache-maven-3.9.6\mvn_repo\org\apache\tomcat\embed\tomcat-embed-core\10.1.19\tomcat-embed-core-10.1.19.jar;D:\javaweb\apache-maven-3.9.6\mvn_repo\org\apache\tomcat\embed\tomcat-embed-el\10.1.19\tomcat-embed-el-10.1.19.jar;D:\javaweb\apache-maven-3.9.6\mvn_repo\org\apache\tomcat\embed\tomcat-embed-websocket\10.1.19\tomcat-embed-websocket-10.1.19.jar;D:\javaweb\apache-maven-3.9.6\mvn_repo\org\springframework\spring-web\6.1.5\spring-web-6.1.5.jar;D:\javaweb\apache-maven-3.9.6\mvn_repo\org\springframework\spring-beans\6.1.5\spring-beans-6.1.5.jar;D:\javaweb\apache-maven-3.9.6\mvn_repo\io\micrometer\micrometer-observation\1.12.4\micrometer-observation-1.12.4.jar;D:\javaweb\apache-maven-3.9.6\mvn_repo\io\micrometer\micrometer-commons\1.12.4\micrometer-commons-1.12.4.jar;D:\javaweb\apache-maven-3.9.6\mvn_repo\org\springframework\spring-webmvc\6.1.5\spring-webmvc-6.1.5.jar;D:\javaweb\apache-maven-3.9.6\mvn_repo\org\springframework\spring-aop\6.1.5\spring-aop-6.1.5.jar;D:\javaweb\apache-maven-3.9.6\mvn_repo\org\springframework\spring-context\6.1.5\spring-context-6.1.5.jar;D:\javaweb\apache-maven-3.9.6\mvn_repo\org\springframework\spring-expression\6.1.5\spring-expression-6.1.5.jar;D:\javaweb\apache-maven-3.9.6\mvn_repo\org\springframework\ai\spring-ai-openai-spring-boot-starter\0.8.1\spring-ai-openai-spring-boot-starter-0.8.1.jar;D:\javaweb\apache-maven-3.9.6\mvn_repo\org\springframework\ai\spring-ai-spring-boot-autoconfigure\0.8.1\spring-ai-spring-boot-autoconfigure-0.8.1.jar;D:\javaweb\apache-maven-3.9.6\mvn_repo\com\google\protobuf\protobuf-java\3.25.2\protobuf-java-3.25.2.jar;D:\javaweb\apache-maven-3.9.6\mvn_repo\io\netty\netty-codec-http2\4.1.107.Final\netty-codec-http2-4.1.107.Final.jar;D:\javaweb\apache-maven-3.9.6\mvn_repo\io\netty\netty-common\4.1.107.Final\netty-common-4.1.107.Final.jar;D:\javaweb\apache-maven-3.9.6\mvn_repo\io\netty\netty-buffer\4.1.107.Final\netty-buffer-4.1.107.Final.jar;D:\javaweb\apache-maven-3.9.6\mvn_repo\io\netty\netty-transport\4.1.107.Final\netty-transport-4.1.107.Final.jar;D:\javaweb\apache-maven-3.9.6\mvn_repo\io\netty\netty-resolver\4.1.107.Final\netty-resolver-4.1.107.Final.jar;D:\javaweb\apache-maven-3.9.6\mvn_repo\io\netty\netty-codec\4.1.107.Final\netty-codec-4.1.107.Final.jar;D:\javaweb\apache-maven-3.9.6\mvn_repo\io\netty\netty-handler\4.1.107.Final\netty-handler-4.1.107.Final.jar;D:\javaweb\apache-maven-3.9.6\mvn_repo\io\netty\netty-transport-native-unix-common\4.1.107.Final\netty-transport-native-unix-common-4.1.107.Final.jar;D:\javaweb\apache-maven-3.9.6\mvn_repo\io\netty\netty-codec-http\4.1.107.Final\netty-codec-http-4.1.107.Final.jar;D:\javaweb\apache-maven-3.9.6\mvn_repo\redis\clients\jedis\5.0.2\jedis-5.0.2.jar;D:\javaweb\apache-maven-3.9.6\mvn_repo\org\apache\commons\commons-pool2\2.12.0\commons-pool2-2.12.0.jar;D:\javaweb\apache-maven-3.9.6\mvn_repo\org\json\json\20231013\json-20231013.jar;D:\javaweb\apache-maven-3.9.6\mvn_repo\com\google\code\gson\gson\2.10.1\gson-2.10.1.jar;D:\javaweb\apache-maven-3.9.6\mvn_repo\org\springframework\ai\spring-ai-openai\0.8.1\spring-ai-openai-0.8.1.jar;D:\javaweb\apache-maven-3.9.6\mvn_repo\org\springframework\ai\spring-ai-core\0.8.1\spring-ai-core-0.8.1.jar;D:\javaweb\apache-maven-3.9.6\mvn_repo\io\swagger\core\v3\swagger-annotations\2.2.20\swagger-annotations-2.2.20.jar;D:\javaweb\apache-maven-3.9.6\mvn_repo\com\github\victools\jsonschema-module-swagger-2\4.33.1\jsonschema-module-swagger-2-4.33.1.jar;D:\javaweb\apache-maven-3.9.6\mvn_repo\org\springframework\cloud\spring-cloud-function-context\4.1.0\spring-cloud-function-context-4.1.0.jar;D:\javaweb\apache-maven-3.9.6\mvn_repo\net\jodah\typetools\0.6.2\typetools-0.6.2.jar;D:\javaweb\apache-maven-3.9.6\mvn_repo\org\springframework\cloud\spring-cloud-function-core\4.1.0\spring-cloud-function-core-4.1.0.jar;D:\javaweb\apache-maven-3.9.6\mvn_repo\org\antlr\stringtemplate\4.0.2\stringtemplate-4.0.2.jar;D:\javaweb\apache-maven-3.9.6\mvn_repo\org\antlr\antlr-runtime\3.3\antlr-runtime-3.3.jar;D:\javaweb\apache-maven-3.9.6\mvn_repo\org\antlr\antlr4-runtime\4.13.1\antlr4-runtime-4.13.1.jar;D:\javaweb\apache-maven-3.9.6\mvn_repo\io\projectreactor\reactor-core\3.6.4\reactor-core-3.6.4.jar;D:\javaweb\apache-maven-3.9.6\mvn_repo\org\reactivestreams\reactive-streams\1.0.4\reactive-streams-1.0.4.jar;D:\javaweb\apache-maven-3.9.6\mvn_repo\org\springframework\spring-messaging\6.1.5\spring-messaging-6.1.5.jar;D:\javaweb\apache-maven-3.9.6\mvn_repo\com\knuddels\jtokkit\1.0.0\jtokkit-1.0.0.jar;D:\javaweb\apache-maven-3.9.6\mvn_repo\org\springframework\ai\spring-ai-retry\0.8.1\spring-ai-retry-0.8.1.jar;D:\javaweb\apache-maven-3.9.6\mvn_repo\org\springframework\retry\spring-retry\2.0.5\spring-retry-2.0.5.jar;D:\javaweb\apache-maven-3.9.6\mvn_repo\org\springframework\spring-webflux\6.1.5\spring-webflux-6.1.5.jar;D:\javaweb\apache-maven-3.9.6\mvn_repo\io\rest-assured\json-path\5.3.2\json-path-5.3.2.jar;D:\javaweb\apache-maven-3.9.6\mvn_repo\org\apache\groovy\groovy-json\4.0.20\groovy-json-4.0.20.jar;D:\javaweb\apache-maven-3.9.6\mvn_repo\org\apache\groovy\groovy\4.0.20\groovy-4.0.20.jar;D:\javaweb\apache-maven-3.9.6\mvn_repo\io\rest-assured\rest-assured-common\5.3.2\rest-assured-common-5.3.2.jar;D:\javaweb\apache-maven-3.9.6\mvn_repo\org\apache\commons\commons-lang3\3.13.0\commons-lang3-3.13.0.jar;D:\javaweb\apache-maven-3.9.6\mvn_repo\com\github\victools\jsonschema-generator\4.31.1\jsonschema-generator-4.31.1.jar;D:\javaweb\apache-maven-3.9.6\mvn_repo\com\fasterxml\classmate\1.6.0\classmate-1.6.0.jar;D:\javaweb\apache-maven-3.9.6\mvn_repo\com\github\victools\jsonschema-module-jackson\4.31.1\jsonschema-module-jackson-4.31.1.jar;D:\javaweb\apache-maven-3.9.6\mvn_repo\org\springframework\spring-context-support\6.1.5\spring-context-support-6.1.5.jar;D:\javaweb\apache-maven-3.9.6\mvn_repo\org\springframework\boot\spring-boot-devtools\3.2.4\spring-boot-devtools-3.2.4.jar;D:\javaweb\apache-maven-3.9.6\mvn_repo\org\springframework\boot\spring-boot\3.2.4\spring-boot-3.2.4.jar;D:\javaweb\apache-maven-3.9.6\mvn_repo\org\springframework\boot\spring-boot-autoconfigure\3.2.4\spring-boot-autoconfigure-3.2.4.jar;D:\javaweb\apache-maven-3.9.6\mvn_repo\org\projectlombok\lombok\1.18.30\lombok-1.18.30.jar;D:\javaweb\apache-maven-3.9.6\mvn_repo\org\springframework\boot\spring-boot-starter-test\3.2.4\spring-boot-starter-test-3.2.4.jar;D:\javaweb\apache-maven-3.9.6\mvn_repo\org\springframework\boot\spring-boot-test\3.2.4\spring-boot-test-3.2.4.jar;D:\javaweb\apache-maven-3.9.6\mvn_repo\org\springframework\boot\spring-boot-test-autoconfigure\3.2.4\spring-boot-test-autoconfigure-3.2.4.jar;D:\javaweb\apache-maven-3.9.6\mvn_repo\com\jayway\jsonpath\json-path\2.9.0\json-path-2.9.0.jar;D:\javaweb\apache-maven-3.9.6\mvn_repo\org\slf4j\slf4j-api\2.0.12\slf4j-api-2.0.12.jar;D:\javaweb\apache-maven-3.9.6\mvn_repo\jakarta\xml\bind\jakarta.xml.bind-api\4.0.2\jakarta.xml.bind-api-4.0.2.jar;D:\javaweb\apache-maven-3.9.6\mvn_repo\jakarta\activation\jakarta.activation-api\2.1.3\jakarta.activation-api-2.1.3.jar;D:\javaweb\apache-maven-3.9.6\mvn_repo\net\minidev\json-smart\2.5.0\json-smart-2.5.0.jar;D:\javaweb\apache-maven-3.9.6\mvn_repo\net\minidev\accessors-smart\2.5.0\accessors-smart-2.5.0.jar;D:\javaweb\apache-maven-3.9.6\mvn_repo\org\ow2\asm\asm\9.3\asm-9.3.jar;D:\javaweb\apache-maven-3.9.6\mvn_repo\org\assertj\assertj-core\3.24.2\assertj-core-3.24.2.jar;D:\javaweb\apache-maven-3.9.6\mvn_repo\net\bytebuddy\byte-buddy\1.14.12\byte-buddy-1.14.12.jar;D:\javaweb\apache-maven-3.9.6\mvn_repo\org\awaitility\awaitility\4.2.0\awaitility-4.2.0.jar;D:\javaweb\apache-maven-3.9.6\mvn_repo\org\hamcrest\hamcrest\2.2\hamcrest-2.2.jar;D:\javaweb\apache-maven-3.9.6\mvn_repo\org\junit\jupiter\junit-jupiter\5.10.2\junit-jupiter-5.10.2.jar;D:\javaweb\apache-maven-3.9.6\mvn_repo\org\junit\jupiter\junit-jupiter-api\5.10.2\junit-jupiter-api-5.10.2.jar;D:\javaweb\apache-maven-3.9.6\mvn_repo\org\opentest4j\opentest4j\1.3.0\opentest4j-1.3.0.jar;D:\javaweb\apache-maven-3.9.6\mvn_repo\org\junit\platform\junit-platform-commons\1.10.2\junit-platform-commons-1.10.2.jar;D:\javaweb\apache-maven-3.9.6\mvn_repo\org\apiguardian\apiguardian-api\1.1.2\apiguardian-api-1.1.2.jar;D:\javaweb\apache-maven-3.9.6\mvn_repo\org\junit\jupiter\junit-jupiter-params\5.10.2\junit-jupiter-params-5.10.2.jar;D:\javaweb\apache-maven-3.9.6\mvn_repo\org\junit\jupiter\junit-jupiter-engine\5.10.2\junit-jupiter-engine-5.10.2.jar;D:\javaweb\apache-maven-3.9.6\mvn_repo\org\junit\platform\junit-platform-engine\1.10.2\junit-platform-engine-1.10.2.jar;D:\javaweb\apache-maven-3.9.6\mvn_repo\org\mockito\mockito-core\5.7.0\mockito-core-5.7.0.jar;D:\javaweb\apache-maven-3.9.6\mvn_repo\net\bytebuddy\byte-buddy-agent\1.14.12\byte-buddy-agent-1.14.12.jar;D:\javaweb\apache-maven-3.9.6\mvn_repo\org\objenesis\objenesis\3.3\objenesis-3.3.jar;D:\javaweb\apache-maven-3.9.6\mvn_repo\org\mockito\mockito-junit-jupiter\5.7.0\mockito-junit-jupiter-5.7.0.jar;D:\javaweb\apache-maven-3.9.6\mvn_repo\org\skyscreamer\jsonassert\1.5.1\jsonassert-1.5.1.jar;D:\javaweb\apache-maven-3.9.6\mvn_repo\com\vaadin\external\google\android-json\0.0.20131108.vaadin1\android-json-0.0.20131108.vaadin1.jar;D:\javaweb\apache-maven-3.9.6\mvn_repo\org\springframework\spring-core\6.1.5\spring-core-6.1.5.jar;D:\javaweb\apache-maven-3.9.6\mvn_repo\org\springframework\spring-jcl\6.1.5\spring-jcl-6.1.5.jar;D:\javaweb\apache-maven-3.9.6\mvn_repo\org\springframework\spring-test\6.1.5\spring-test-6.1.5.jar;D:\javaweb\apache-maven-3.9.6\mvn_repo\org\xmlunit\xmlunit-core\2.9.1\xmlunit-core-2.9.1.jar;"/>
    <property name="sun.cpu.endian" value="little"/>
    <property name="user.home" value="C:\Users\刘德宝"/>
    <property name="user.language" value="zh"/>
    <property name="java.specification.vendor" value="Oracle Corporation"/>
    <property name="java.version.date" value="2024-01-16"/>
    <property name="java.home" value="C:\Users\刘德宝\.jdks\openjdk-21.0.2"/>
    <property name="file.separator" value="\"/>
    <property name="basedir" value="D:\javaweb\springboot-guet\springAI\code\springAI-01-chat"/>
    <property name="java.vm.compressedOopsMode" value="Zero based"/>
    <property name="line.separator" value="&#10;"/>
    <property name="java.vm.specification.vendor" value="Oracle Corporation"/>
    <property name="java.specification.name" value="Java Platform API Specification"/>
    <property name="FILE_LOG_CHARSET" value="UTF-8"/>
    <property name="java.awt.headless" value="true"/>
    <property name="surefire.real.class.path" value="C:\Users\刘德宝\AppData\Local\Temp\surefire11771713892821534012\surefirebooter-20240512161840249_3.jar"/>
    <property name="user.script" value=""/>
    <property name="sun.management.compiler" value="HotSpot 64-Bit Tiered Compilers"/>
    <property name="java.runtime.version" value="21.0.2+13-58"/>
    <property name="user.name" value="刘德宝"/>
    <property name="stdout.encoding" value="GBK"/>
    <property name="path.separator" value=";"/>
    <property name="os.version" value="10.0"/>
    <property name="java.runtime.name" value="OpenJDK Runtime Environment"/>
    <property name="file.encoding" value="UTF-8"/>
    <property name="java.vm.name" value="OpenJDK 64-Bit Server VM"/>
    <property name="localRepository" value="D:\javaweb\apache-maven-3.9.6\mvn_repo"/>
    <property name="java.vendor.url.bug" value="https://bugreport.java.com/bugreport/"/>
    <property name="java.io.tmpdir" value="C:\Users\刘德宝\AppData\Local\Temp\"/>
    <property name="idea.version" value="2023.3.2"/>
    <property name="java.version" value="21.0.2"/>
    <property name="user.dir" value="D:\javaweb\springboot-guet\springAI\code\springAI-01-chat"/>
    <property name="os.arch" value="amd64"/>
    <property name="java.vm.specification.name" value="Java Virtual Machine Specification"/>
    <property name="PID" value="34180"/>
    <property name="sun.os.patch.level" value=""/>
    <property name="CONSOLE_LOG_CHARSET" value="UTF-8"/>
    <property name="native.encoding" value="GBK"/>
    <property name="java.library.path" value="C:\Users\刘德宝\.jdks\openjdk-21.0.2\bin;C:\Windows\Sun\Java\bin;C:\Windows\system32;C:\Windows;C:\Program Files (x86)\Common Files\Oracle\Java\javapath;C:\Program Files\Common Files\Oracle\Java\javapath;C:\Program Files\Eclipse Foundation\jdk-8.0.302.8-hotspot\bin;C:\Windows\system32;C:\Windows;C:\Windows\System32\Wbem;C:\Windows\System32\WindowsPowerShell\v1.0\;C:\Windows\System32\OpenSSH\;C:\Program Files (x86)\NVIDIA Corporation\PhysX\Common;C:\Program Files\NVIDIA Corporation\NVIDIA NvDLISR;C:\Program Files\Microsoft SQL Server\130\Tools\Binn\;C:\Program Files\Microsoft SQL Server\Client SDK\ODBC\170\Tools\Binn\;C:\Program Files\Bandizip\;C:\Program Files\Git\cmd;D:\java study\NodeJS\;D:\javaweb\apache-maven-3.8.8\bin;D:\javaweb\mysql-8.0.31-winx64\bin;D:\javaweb\JDK\bin;D:\javaweb\node-v18.19.1-win-x64\node-v18.19.1-win-x64;D:\javaweb\node-v18.19.1-win-x64\node-v18.19.1-win-x64\node_cache;D:\javaweb\node-v18.19.1-win-x64\node-v18.19.1-win-x64\node_global;C:\Users\刘德宝\AppData\Local\Programs\Python\Python311\Scripts\;C:\Users\刘德宝\AppData\Local\Programs\Python\Python311\;C:\Users\刘德宝\AppData\Local\Microsoft\WindowsApps;;C:\Users\刘德宝\AppData\Local\Programs\Microsoft VS Code\bin;C:\Users\刘德宝\PyCharm Community Edition 2023.2\bin;;C:\Users\刘德宝\PyCharm 2023.2\bin;;C:\Users\刘德宝\AppData\Roaming\npm;."/>
    <property name="java.vm.info" value="mixed mode, sharing"/>
    <property name="stderr.encoding" value="GBK"/>
    <property name="java.vendor" value="Oracle Corporation"/>
    <property name="java.vm.version" value="21.0.2+13-58"/>
    <property name="sun.io.unicode.encoding" value="UnicodeLittle"/>
    <property name="maven.repo.local" value="D:\javaweb\apache-maven-3.9.6\mvn_repo"/>
    <property name="java.class.version" value="65.0"/>
  </properties>
  <testcase name="contextLoads" classname="com.springai01chat.SpringAi01ChatApplicationTests" time="0.534">
    <system-out><![CDATA[16:18:40.836 [main] INFO org.springframework.test.context.support.AnnotationConfigContextLoaderUtils -- Could not detect default configuration classes for test class [com.springai01chat.SpringAi01ChatApplicationTests]: SpringAi01ChatApplicationTests does not declare any static, non-private, non-final, nested classes annotated with @Configuration.
16:18:40.900 [main] INFO org.springframework.boot.test.context.SpringBootTestContextBootstrapper -- Found @SpringBootConfiguration com.springai01chat.SpringAi01ChatApplication for test class com.springai01chat.SpringAi01ChatApplicationTests
16:18:41.003 [main] INFO org.springframework.boot.devtools.restart.RestartApplicationListener -- Restart disabled due to context in which it is running

  .   ____          _            __ _ _
 /\\ / ___'_ __ _ _(_)_ __  __ _ \ \ \ \
( ( )\___ | '_ | '_| | '_ \/ _` | \ \ \ \
 \\/  ___)| |_)| | | | | || (_| |  ) ) ) )
  '  |____| .__|_| |_|_| |_\__, | / / / /
 =========|_|==============|___/=/_/_/_/
 :: Spring Boot ::                (v3.2.4)

2024-05-12T16:18:41.170+08:00  WARN 34180 --- [           main] ory$DuplicateJsonObjectContextCustomizer : 

Found multiple occurrences of org.json.JSONObject on the class path:

	jar:file:/D:/javaweb/apache-maven-3.9.6/mvn_repo/org/json/json/20231013/json-20231013.jar!/org/json/JSONObject.class
	jar:file:/D:/javaweb/apache-maven-3.9.6/mvn_repo/com/vaadin/external/google/android-json/0.0.20131108.vaadin1/android-json-0.0.20131108.vaadin1.jar!/org/json/JSONObject.class

You may wish to exclude one of them to ensure predictable runtime behavior

2024-05-12T16:18:41.181+08:00  INFO 34180 --- [           main] c.s.SpringAi01ChatApplicationTests       : Starting SpringAi01ChatApplicationTests using Java 21.0.2 with PID 34180 (started by 刘德宝 in D:\javaweb\springboot-guet\springAI\code\springAI-01-chat)
2024-05-12T16:18:41.182+08:00  INFO 34180 --- [           main] c.s.SpringAi01ChatApplicationTests       : No active profile set, falling back to 1 default profile: "default"
2024-05-12T16:18:42.319+08:00  INFO 34180 --- [           main] c.s.SpringAi01ChatApplicationTests       : Started SpringAi01ChatApplicationTests in 1.322 seconds (process running for 1.98)
]]></system-out>
    <system-err><![CDATA[WARNING: A Java agent has been loaded dynamically (D:\javaweb\apache-maven-3.9.6\mvn_repo\net\bytebuddy\byte-buddy-agent\1.14.12\byte-buddy-agent-1.14.12.jar)
WARNING: If a serviceability tool is in use, please run with -XX:+EnableDynamicAgentLoading to hide this warning
WARNING: If a serviceability tool is not in use, please run with -Djdk.instrument.traceUsage for more information
WARNING: Dynamic loading of agents will be disallowed by default in a future release
]]></system-err>
  </testcase>
</testsuite>